<?xml version="1.0" encoding="UTF-8"?>
<!-- Generated by org.testng.reporters.JUnitReportReporter -->
<testsuite skipped="0" hostname="4BKV1G2" name="testcases.LoginTest" tests="1" failures="0" timestamp="02 Jan 2019 03:10:34 GMT" time="0.523" errors="0">
  <testcase name="loginAsBankManager" time="0.523" classname="testcases.LoginTest"/>
</testsuite> <!-- testcases.LoginTest -->
