<?xml version="1.0" encoding="UTF-8"?>
<!-- Generated by org.testng.reporters.JUnitReportReporter -->
<testsuite skipped="0" hostname="4BKV1G2" name="testcases.BankManagerLoginTest" tests="1" failures="0" timestamp="03 Jan 2019 03:18:57 GMT" time="0.460" errors="0">
  <testcase name="loginAsBankManager" time="0.460" classname="testcases.BankManagerLoginTest"/>
</testsuite> <!-- testcases.BankManagerLoginTest -->
