<?xml version="1.0" encoding="UTF-8"?>
<!-- Generated by org.testng.reporters.JUnitReportReporter -->
<testsuite skipped="0" hostname="4BKV1G2" name="testcases.BankManagerLoginTest" tests="1" failures="0" timestamp="05 Jan 2019 04:24:14 GMT" time="0.331" errors="0">
  <testcase name="bankManagerLoginTest" time="0.331" classname="testcases.BankManagerLoginTest"/>
</testsuite> <!-- testcases.BankManagerLoginTest -->
