<?xml version="1.0" encoding="UTF-8"?>
<!-- Generated by org.testng.reporters.JUnitReportReporter -->
<testsuite skipped="1" hostname="4BKV1G2" name="testcases.AddCustomerTest" tests="2" failures="0" timestamp="05 Jan 2019 04:24:14 GMT" time="3.450" errors="0">
  <testcase name="addCustomerTest" time="3.449" classname="testcases.AddCustomerTest"/>
  <testcase name="addCustomerTest" time="0.001" classname="testcases.AddCustomerTest">
    <skipped/>
  </testcase> <!-- addCustomerTest -->
</testsuite> <!-- testcases.AddCustomerTest -->
